Copyright 1986-2022 Xilinx, Inc. All Rights Reserved.
---------------------------------------------------------------------------------------------------------------------------------------
| Tool Version : Vivado v.2022.1 (win64) Build 3526262 Mon Apr 18 15:48:16 MDT 2022
| Date         : Sun Dec  4 22:08:54 2022
| Host         : DESKTOP-943LB4O running 64-bit major release  (build 9200)
| Command      : report_drc -file design_1_wrapper_drc_opted.rpt -pb design_1_wrapper_drc_opted.pb -rpx design_1_wrapper_drc_opted.rpx
| Design       : design_1_wrapper
| Device       : xc7z020clg400-1
| Speed File   : -1
| Design State : Synthesized
---------------------------------------------------------------------------------------------------------------------------------------

Report DRC

Table of Contents
-----------------
1. REPORT SUMMARY
2. REPORT DETAILS

1. REPORT SUMMARY
-----------------
            Netlist: netlist
          Floorplan: design_1
      Design limits: <entire design considered>
           Ruledeck: default
             Max violations: <unlimited>
             Violations found: 77
+---------+----------+-------------------------------------------------------------------+------------+
| Rule    | Severity | Description                                                       | Violations |
+---------+----------+-------------------------------------------------------------------+------------+
| DPIP-1  | Warning  | Input pipelining                                                  | 22         |
| DPOP-1  | Warning  | PREG Output pipelining                                            | 15         |
| DPOP-2  | Warning  | MREG Output pipelining                                            | 11         |
| DPREG-4 | Warning  | DSP48E1_PregDynOpmodeZmuxP:                                       | 1          |
| AVAL-4  | Advisory | enum_USE_DPORT_FALSE_enum_DREG_ADREG_0_connects_CED_CEAD_RSTD_GND | 14         |
| AVAL-5  | Advisory | enum_USE_MULT_NONE_enum_DREG_ADREG_0_connects_CED_CEAD_RSTD_GND   | 14         |
+---------+----------+-------------------------------------------------------------------+------------+

2. REPORT DETAILS
-----------------
DPIP-1#1 Warning
Input pipelining  
DSP design_1_i/Autoencoder_0/inst/grp_sigmoid_fu_1003/dadd_64ns_64ns_64_7_full_dsp_1_U67/Autoencoder_dadd_64ns_64ns_64_7_full_dsp_1_ip_u/inst/i_synth/ADDSUB_OP.ADDSUB/LOGIC_SPEED.OP/ALIGN_BLK/FRAC_ADDSUB/DSP_ADD.FRAC_ADDSUB/i_no_versal_es1_workaround.DSP48E1_ADD.DSP48E1_ADD/i_no_versal_es1_workaround.DSP input design_1_i/Autoencoder_0/inst/grp_sigmoid_fu_1003/dadd_64ns_64ns_64_7_full_dsp_1_U67/Autoencoder_dadd_64ns_64ns_64_7_full_dsp_1_ip_u/inst/i_synth/ADDSUB_OP.ADDSUB/LOGIC_SPEED.OP/ALIGN_BLK/FRAC_ADDSUB/DSP_ADD.FRAC_ADDSUB/i_no_versal_es1_workaround.DSP48E1_ADD.DSP48E1_ADD/i_no_versal_es1_workaround.DSP/A[29:0] is not pipelined. Pipelining DSP48 input will improve performance.
Related violations: <none>

DPIP-1#2 Warning
Input pipelining  
DSP design_1_i/Autoencoder_0/inst/grp_sigmoid_fu_1003/dadd_64ns_64ns_64_7_full_dsp_1_U67/Autoencoder_dadd_64ns_64ns_64_7_full_dsp_1_ip_u/inst/i_synth/ADDSUB_OP.ADDSUB/LOGIC_SPEED.OP/ALIGN_BLK/FRAC_ADDSUB/DSP_ADD.FRAC_ADDSUB/i_no_versal_es1_workaround.DSP48E1_ADD.DSP48E1_ADD/i_no_versal_es1_workaround.DSP input design_1_i/Autoencoder_0/inst/grp_sigmoid_fu_1003/dadd_64ns_64ns_64_7_full_dsp_1_U67/Autoencoder_dadd_64ns_64ns_64_7_full_dsp_1_ip_u/inst/i_synth/ADDSUB_OP.ADDSUB/LOGIC_SPEED.OP/ALIGN_BLK/FRAC_ADDSUB/DSP_ADD.FRAC_ADDSUB/i_no_versal_es1_workaround.DSP48E1_ADD.DSP48E1_ADD/i_no_versal_es1_workaround.DSP/B[17:0] is not pipelined. Pipelining DSP48 input will improve performance.
Related violations: <none>

DPIP-1#3 Warning
Input pipelining  
DSP design_1_i/Autoencoder_0/inst/grp_sigmoid_fu_1003/dadd_64ns_64ns_64_7_full_dsp_1_U67/Autoencoder_dadd_64ns_64ns_64_7_full_dsp_1_ip_u/inst/i_synth/ADDSUB_OP.ADDSUB/LOGIC_SPEED.OP/ALIGN_BLK/FRAC_ADDSUB/DSP_ADD.FRAC_ADDSUB/i_no_versal_es1_workaround.DSP48E1_ADD.DSP48E1_ADD/i_no_versal_es1_workaround.DSP input design_1_i/Autoencoder_0/inst/grp_sigmoid_fu_1003/dadd_64ns_64ns_64_7_full_dsp_1_U67/Autoencoder_dadd_64ns_64ns_64_7_full_dsp_1_ip_u/inst/i_synth/ADDSUB_OP.ADDSUB/LOGIC_SPEED.OP/ALIGN_BLK/FRAC_ADDSUB/DSP_ADD.FRAC_ADDSUB/i_no_versal_es1_workaround.DSP48E1_ADD.DSP48E1_ADD/i_no_versal_es1_workaround.DSP/C[47:0] is not pipelined. Pipelining DSP48 input will improve performance.
Related violations: <none>

DPIP-1#4 Warning
Input pipelining  
DSP design_1_i/Autoencoder_0/inst/grp_sigmoid_fu_1003/dadd_64ns_64ns_64_7_full_dsp_1_U67/Autoencoder_dadd_64ns_64ns_64_7_full_dsp_1_ip_u/inst/i_synth/ADDSUB_OP.ADDSUB/LOGIC_SPEED.OP/NORM/ROUND/DSP48_E1.DSP48E1_ADD.DSP48E1_ADD/i_no_versal_es1_workaround.DSP input design_1_i/Autoencoder_0/inst/grp_sigmoid_fu_1003/dadd_64ns_64ns_64_7_full_dsp_1_U67/Autoencoder_dadd_64ns_64ns_64_7_full_dsp_1_ip_u/inst/i_synth/ADDSUB_OP.ADDSUB/LOGIC_SPEED.OP/NORM/ROUND/DSP48_E1.DSP48E1_ADD.DSP48E1_ADD/i_no_versal_es1_workaround.DSP/B[17:0] is not pipelined. Pipelining DSP48 input will improve performance.
Related violations: <none>

DPIP-1#5 Warning
Input pipelining  
DSP design_1_i/Autoencoder_0/inst/grp_sigmoid_fu_1003/dadd_64ns_64ns_64_7_full_dsp_1_U67/Autoencoder_dadd_64ns_64ns_64_7_full_dsp_1_ip_u/inst/i_synth/ADDSUB_OP.ADDSUB/LOGIC_SPEED.OP/NORM/ROUND/DSP48_E1.DSP48E1_ADD.DSP48E1_ADD/i_no_versal_es1_workaround.DSP input design_1_i/Autoencoder_0/inst/grp_sigmoid_fu_1003/dadd_64ns_64ns_64_7_full_dsp_1_U67/Autoencoder_dadd_64ns_64ns_64_7_full_dsp_1_ip_u/inst/i_synth/ADDSUB_OP.ADDSUB/LOGIC_SPEED.OP/NORM/ROUND/DSP48_E1.DSP48E1_ADD.DSP48E1_ADD/i_no_versal_es1_workaround.DSP/C[47:0] is not pipelined. Pipelining DSP48 input will improve performance.
Related violations: <none>

DPIP-1#6 Warning
Input pipelining  
DSP design_1_i/Autoencoder_0/inst/grp_sigmoid_fu_1003/dexp_64ns_64ns_64_21_full_dsp_1_U69/Autoencoder_dexp_64ns_64ns_64_21_full_dsp_1_ip_u/inst/i_synth/EXP_OP.i_sp_or_dp.OP/g_Fr_other.i_calculate_Fr/dsp_extra_fabric_adder.mult_with_add_low/use_prim.appDSP48[0].bppDSP48[0].use_dsp.use_dsp48e1.iDSP48E1 input design_1_i/Autoencoder_0/inst/grp_sigmoid_fu_1003/dexp_64ns_64ns_64_21_full_dsp_1_U69/Autoencoder_dexp_64ns_64ns_64_21_full_dsp_1_ip_u/inst/i_synth/EXP_OP.i_sp_or_dp.OP/g_Fr_other.i_calculate_Fr/dsp_extra_fabric_adder.mult_with_add_low/use_prim.appDSP48[0].bppDSP48[0].use_dsp.use_dsp48e1.iDSP48E1/A[29:0] is not pipelined. Pipelining DSP48 input will improve performance.
Related violations: <none>

DPIP-1#7 Warning
Input pipelining  
DSP design_1_i/Autoencoder_0/inst/grp_sigmoid_fu_1003/dexp_64ns_64ns_64_21_full_dsp_1_U69/Autoencoder_dexp_64ns_64ns_64_21_full_dsp_1_ip_u/inst/i_synth/EXP_OP.i_sp_or_dp.OP/g_Fr_other.i_calculate_Fr/dsp_extra_fabric_adder.mult_with_add_low/use_prim.appDSP48[0].bppDSP48[0].use_dsp.use_dsp48e1.iDSP48E1 input design_1_i/Autoencoder_0/inst/grp_sigmoid_fu_1003/dexp_64ns_64ns_64_21_full_dsp_1_U69/Autoencoder_dexp_64ns_64ns_64_21_full_dsp_1_ip_u/inst/i_synth/EXP_OP.i_sp_or_dp.OP/g_Fr_other.i_calculate_Fr/dsp_extra_fabric_adder.mult_with_add_low/use_prim.appDSP48[0].bppDSP48[0].use_dsp.use_dsp48e1.iDSP48E1/B[17:0] is not pipelined. Pipelining DSP48 input will improve performance.
Related violations: <none>

DPIP-1#8 Warning
Input pipelining  
DSP design_1_i/Autoencoder_0/inst/grp_sigmoid_fu_1003/dexp_64ns_64ns_64_21_full_dsp_1_U69/Autoencoder_dexp_64ns_64ns_64_21_full_dsp_1_ip_u/inst/i_synth/EXP_OP.i_sp_or_dp.OP/i_calculate_Xf/dsp.two.dsp48e1_add_hi/i_no_versal_es1_workaround.DSP input design_1_i/Autoencoder_0/inst/grp_sigmoid_fu_1003/dexp_64ns_64ns_64_21_full_dsp_1_U69/Autoencoder_dexp_64ns_64ns_64_21_full_dsp_1_ip_u/inst/i_synth/EXP_OP.i_sp_or_dp.OP/i_calculate_Xf/dsp.two.dsp48e1_add_hi/i_no_versal_es1_workaround.DSP/B[17:0] is not pipelined. Pipelining DSP48 input will improve performance.
Related violations: <none>

DPIP-1#9 Warning
Input pipelining  
DSP design_1_i/Autoencoder_0/inst/grp_sigmoid_fu_1003/dexp_64ns_64ns_64_21_full_dsp_1_U69/Autoencoder_dexp_64ns_64ns_64_21_full_dsp_1_ip_u/inst/i_synth/EXP_OP.i_sp_or_dp.OP/i_calculate_Xf/dsp.two.dsp48e1_add_hi/i_no_versal_es1_workaround.DSP input design_1_i/Autoencoder_0/inst/grp_sigmoid_fu_1003/dexp_64ns_64ns_64_21_full_dsp_1_U69/Autoencoder_dexp_64ns_64ns_64_21_full_dsp_1_ip_u/inst/i_synth/EXP_OP.i_sp_or_dp.OP/i_calculate_Xf/dsp.two.dsp48e1_add_hi/i_no_versal_es1_workaround.DSP/C[47:0] is not pipelined. Pipelining DSP48 input will improve performance.
Related violations: <none>

DPIP-1#10 Warning
Input pipelining  
DSP design_1_i/Autoencoder_0/inst/grp_sigmoid_fu_1003/dexp_64ns_64ns_64_21_full_dsp_1_U69/Autoencoder_dexp_64ns_64ns_64_21_full_dsp_1_ip_u/inst/i_synth/EXP_OP.i_sp_or_dp.OP/i_calculate_Xf/dsp.two.dsp48e1_add_lo/i_no_versal_es1_workaround.DSP input design_1_i/Autoencoder_0/inst/grp_sigmoid_fu_1003/dexp_64ns_64ns_64_21_full_dsp_1_U69/Autoencoder_dexp_64ns_64ns_64_21_full_dsp_1_ip_u/inst/i_synth/EXP_OP.i_sp_or_dp.OP/i_calculate_Xf/dsp.two.dsp48e1_add_lo/i_no_versal_es1_workaround.DSP/A[29:0] is not pipelined. Pipelining DSP48 input will improve performance.
Related violations: <none>

DPIP-1#11 Warning
Input pipelining  
DSP design_1_i/Autoencoder_0/inst/grp_sigmoid_fu_1003/dexp_64ns_64ns_64_21_full_dsp_1_U69/Autoencoder_dexp_64ns_64ns_64_21_full_dsp_1_ip_u/inst/i_synth/EXP_OP.i_sp_or_dp.OP/i_calculate_Xf/dsp.two.dsp48e1_add_lo/i_no_versal_es1_workaround.DSP input design_1_i/Autoencoder_0/inst/grp_sigmoid_fu_1003/dexp_64ns_64ns_64_21_full_dsp_1_U69/Autoencoder_dexp_64ns_64ns_64_21_full_dsp_1_ip_u/inst/i_synth/EXP_OP.i_sp_or_dp.OP/i_calculate_Xf/dsp.two.dsp48e1_add_lo/i_no_versal_es1_workaround.DSP/B[17:0] is not pipelined. Pipelining DSP48 input will improve performance.
Related violations: <none>

DPIP-1#12 Warning
Input pipelining  
DSP design_1_i/Autoencoder_0/inst/grp_sigmoid_fu_1003/dexp_64ns_64ns_64_21_full_dsp_1_U69/Autoencoder_dexp_64ns_64ns_64_21_full_dsp_1_ip_u/inst/i_synth/EXP_OP.i_sp_or_dp.OP/i_calculate_Xf/dsp.two.dsp48e1_add_lo/i_no_versal_es1_workaround.DSP input design_1_i/Autoencoder_0/inst/grp_sigmoid_fu_1003/dexp_64ns_64ns_64_21_full_dsp_1_U69/Autoencoder_dexp_64ns_64ns_64_21_full_dsp_1_ip_u/inst/i_synth/EXP_OP.i_sp_or_dp.OP/i_calculate_Xf/dsp.two.dsp48e1_add_lo/i_no_versal_es1_workaround.DSP/C[47:0] is not pipelined. Pipelining DSP48 input will improve performance.
Related violations: <none>

DPIP-1#13 Warning
Input pipelining  
DSP design_1_i/Autoencoder_0/inst/grp_sigmoid_fu_1003/dexp_64ns_64ns_64_21_full_dsp_1_U69/Autoencoder_dexp_64ns_64ns_64_21_full_dsp_1_ip_u/inst/i_synth/EXP_OP.i_sp_or_dp.OP/i_calculate_e2zmzm1/g_dp.i_polyomial/g_struct.multadd_1.madd/dsp_extra_fabric_adder.mult_with_add_low/use_prim.appDSP48[0].bppDSP48[0].use_dsp.use_dsp48e1.iDSP48E1 input design_1_i/Autoencoder_0/inst/grp_sigmoid_fu_1003/dexp_64ns_64ns_64_21_full_dsp_1_U69/Autoencoder_dexp_64ns_64ns_64_21_full_dsp_1_ip_u/inst/i_synth/EXP_OP.i_sp_or_dp.OP/i_calculate_e2zmzm1/g_dp.i_polyomial/g_struct.multadd_1.madd/dsp_extra_fabric_adder.mult_with_add_low/use_prim.appDSP48[0].bppDSP48[0].use_dsp.use_dsp48e1.iDSP48E1/A[29:0] is not pipelined. Pipelining DSP48 input will improve performance.
Related violations: <none>

DPIP-1#14 Warning
Input pipelining  
DSP design_1_i/Autoencoder_0/inst/grp_sigmoid_fu_1003/dexp_64ns_64ns_64_21_full_dsp_1_U69/Autoencoder_dexp_64ns_64ns_64_21_full_dsp_1_ip_u/inst/i_synth/EXP_OP.i_sp_or_dp.OP/i_calculate_e2zmzm1/g_dp.i_polyomial/g_struct.multadd_1.madd/dsp_extra_fabric_adder.mult_with_add_low/use_prim.appDSP48[0].bppDSP48[0].use_dsp.use_dsp48e1.iDSP48E1 input design_1_i/Autoencoder_0/inst/grp_sigmoid_fu_1003/dexp_64ns_64ns_64_21_full_dsp_1_U69/Autoencoder_dexp_64ns_64ns_64_21_full_dsp_1_ip_u/inst/i_synth/EXP_OP.i_sp_or_dp.OP/i_calculate_e2zmzm1/g_dp.i_polyomial/g_struct.multadd_1.madd/dsp_extra_fabric_adder.mult_with_add_low/use_prim.appDSP48[0].bppDSP48[0].use_dsp.use_dsp48e1.iDSP48E1/B[17:0] is not pipelined. Pipelining DSP48 input will improve performance.
Related violations: <none>

DPIP-1#15 Warning
Input pipelining  
DSP design_1_i/Autoencoder_0/inst/grp_sigmoid_fu_1003/dexp_64ns_64ns_64_21_full_dsp_1_U69/Autoencoder_dexp_64ns_64ns_64_21_full_dsp_1_ip_u/inst/i_synth/EXP_OP.i_sp_or_dp.OP/i_calculate_e2zmzm1/g_dp.i_polyomial/g_struct.multadd_2.madd/dsp_extra_fabric_adder.mult_with_add_low/use_prim.appDSP48[0].bppDSP48[0].use_dsp.use_dsp48e1.iDSP48E1 input design_1_i/Autoencoder_0/inst/grp_sigmoid_fu_1003/dexp_64ns_64ns_64_21_full_dsp_1_U69/Autoencoder_dexp_64ns_64ns_64_21_full_dsp_1_ip_u/inst/i_synth/EXP_OP.i_sp_or_dp.OP/i_calculate_e2zmzm1/g_dp.i_polyomial/g_struct.multadd_2.madd/dsp_extra_fabric_adder.mult_with_add_low/use_prim.appDSP48[0].bppDSP48[0].use_dsp.use_dsp48e1.iDSP48E1/A[29:0] is not pipelined. Pipelining DSP48 input will improve performance.
Related violations: <none>

DPIP-1#16 Warning
Input pipelining  
DSP design_1_i/Autoencoder_0/inst/grp_sigmoid_fu_1003/dexp_64ns_64ns_64_21_full_dsp_1_U69/Autoencoder_dexp_64ns_64ns_64_21_full_dsp_1_ip_u/inst/i_synth/EXP_OP.i_sp_or_dp.OP/i_calculate_e2zmzm1/g_dp.i_polyomial/g_struct.multadd_2.madd/dsp_extra_fabric_adder.mult_with_add_low/use_prim.appDSP48[0].bppDSP48[0].use_dsp.use_dsp48e1.iDSP48E1 input design_1_i/Autoencoder_0/inst/grp_sigmoid_fu_1003/dexp_64ns_64ns_64_21_full_dsp_1_U69/Autoencoder_dexp_64ns_64ns_64_21_full_dsp_1_ip_u/inst/i_synth/EXP_OP.i_sp_or_dp.OP/i_calculate_e2zmzm1/g_dp.i_polyomial/g_struct.multadd_2.madd/dsp_extra_fabric_adder.mult_with_add_low/use_prim.appDSP48[0].bppDSP48[0].use_dsp.use_dsp48e1.iDSP48E1/B[17:0] is not pipelined. Pipelining DSP48 input will improve performance.
Related violations: <none>

DPIP-1#17 Warning
Input pipelining  
DSP design_1_i/Autoencoder_0/inst/grp_sigmoid_fu_1003/dexp_64ns_64ns_64_21_full_dsp_1_U69/Autoencoder_dexp_64ns_64ns_64_21_full_dsp_1_ip_u/inst/i_synth/EXP_OP.i_sp_or_dp.OP/i_ccm_ln2/g_tables[0].i_addsub/dsp.two.dsp48e1_add_lo/i_no_versal_es1_workaround.DSP input design_1_i/Autoencoder_0/inst/grp_sigmoid_fu_1003/dexp_64ns_64ns_64_21_full_dsp_1_U69/Autoencoder_dexp_64ns_64ns_64_21_full_dsp_1_ip_u/inst/i_synth/EXP_OP.i_sp_or_dp.OP/i_ccm_ln2/g_tables[0].i_addsub/dsp.two.dsp48e1_add_lo/i_no_versal_es1_workaround.DSP/A[29:0] is not pipelined. Pipelining DSP48 input will improve performance.
Related violations: <none>

DPIP-1#18 Warning
Input pipelining  
DSP design_1_i/Autoencoder_0/inst/grp_sigmoid_fu_1003/dexp_64ns_64ns_64_21_full_dsp_1_U69/Autoencoder_dexp_64ns_64ns_64_21_full_dsp_1_ip_u/inst/i_synth/EXP_OP.i_sp_or_dp.OP/i_ccm_ln2/g_tables[0].i_addsub/dsp.two.dsp48e1_add_lo/i_no_versal_es1_workaround.DSP input design_1_i/Autoencoder_0/inst/grp_sigmoid_fu_1003/dexp_64ns_64ns_64_21_full_dsp_1_U69/Autoencoder_dexp_64ns_64ns_64_21_full_dsp_1_ip_u/inst/i_synth/EXP_OP.i_sp_or_dp.OP/i_ccm_ln2/g_tables[0].i_addsub/dsp.two.dsp48e1_add_lo/i_no_versal_es1_workaround.DSP/B[17:0] is not pipelined. Pipelining DSP48 input will improve performance.
Related violations: <none>

DPIP-1#19 Warning
Input pipelining  
DSP design_1_i/Autoencoder_0/inst/grp_sigmoid_fu_1003/dexp_64ns_64ns_64_21_full_dsp_1_U69/Autoencoder_dexp_64ns_64ns_64_21_full_dsp_1_ip_u/inst/i_synth/EXP_OP.i_sp_or_dp.OP/i_ccm_recip_ln2/g_tables[0].i_addsub/dsp.one.dsp48e1_add/i_no_versal_es1_workaround.DSP input design_1_i/Autoencoder_0/inst/grp_sigmoid_fu_1003/dexp_64ns_64ns_64_21_full_dsp_1_U69/Autoencoder_dexp_64ns_64ns_64_21_full_dsp_1_ip_u/inst/i_synth/EXP_OP.i_sp_or_dp.OP/i_ccm_recip_ln2/g_tables[0].i_addsub/dsp.one.dsp48e1_add/i_no_versal_es1_workaround.DSP/B[17:0] is not pipelined. Pipelining DSP48 input will improve performance.
Related violations: <none>

DPIP-1#20 Warning
Input pipelining  
DSP design_1_i/Autoencoder_0/inst/grp_sigmoid_fu_1003/dexp_64ns_64ns_64_21_full_dsp_1_U69/Autoencoder_dexp_64ns_64ns_64_21_full_dsp_1_ip_u/inst/i_synth/EXP_OP.i_sp_or_dp.OP/i_ccm_recip_ln2/g_tables[2].i_addsub/dsp.one.dsp48e1_add/i_no_versal_es1_workaround.DSP input design_1_i/Autoencoder_0/inst/grp_sigmoid_fu_1003/dexp_64ns_64ns_64_21_full_dsp_1_U69/Autoencoder_dexp_64ns_64ns_64_21_full_dsp_1_ip_u/inst/i_synth/EXP_OP.i_sp_or_dp.OP/i_ccm_recip_ln2/g_tables[2].i_addsub/dsp.one.dsp48e1_add/i_no_versal_es1_workaround.DSP/A[29:0] is not pipelined. Pipelining DSP48 input will improve performance.
Related violations: <none>

DPIP-1#21 Warning
Input pipelining  
DSP design_1_i/Autoencoder_0/inst/grp_sigmoid_fu_1003/dexp_64ns_64ns_64_21_full_dsp_1_U69/Autoencoder_dexp_64ns_64ns_64_21_full_dsp_1_ip_u/inst/i_synth/EXP_OP.i_sp_or_dp.OP/i_ccm_recip_ln2/g_tables[2].i_addsub/dsp.one.dsp48e1_add/i_no_versal_es1_workaround.DSP input design_1_i/Autoencoder_0/inst/grp_sigmoid_fu_1003/dexp_64ns_64ns_64_21_full_dsp_1_U69/Autoencoder_dexp_64ns_64ns_64_21_full_dsp_1_ip_u/inst/i_synth/EXP_OP.i_sp_or_dp.OP/i_ccm_recip_ln2/g_tables[2].i_addsub/dsp.one.dsp48e1_add/i_no_versal_es1_workaround.DSP/B[17:0] is not pipelined. Pipelining DSP48 input will improve performance.
Related violations: <none>

DPIP-1#22 Warning
Input pipelining  
DSP design_1_i/Autoencoder_0/inst/grp_sigmoid_fu_1003/dexp_64ns_64ns_64_21_full_dsp_1_U69/Autoencoder_dexp_64ns_64ns_64_21_full_dsp_1_ip_u/inst/i_synth/EXP_OP.i_sp_or_dp.OP/i_ccm_recip_ln2/g_tables[2].i_addsub/dsp.one.dsp48e1_add/i_no_versal_es1_workaround.DSP input design_1_i/Autoencoder_0/inst/grp_sigmoid_fu_1003/dexp_64ns_64ns_64_21_full_dsp_1_U69/Autoencoder_dexp_64ns_64ns_64_21_full_dsp_1_ip_u/inst/i_synth/EXP_OP.i_sp_or_dp.OP/i_ccm_recip_ln2/g_tables[2].i_addsub/dsp.one.dsp48e1_add/i_no_versal_es1_workaround.DSP/C[47:0] is not pipelined. Pipelining DSP48 input will improve performance.
Related violations: <none>

DPOP-1#1 Warning
PREG Output pipelining  
DSP design_1_i/Autoencoder_0/inst/grp_sigmoid_fu_1003/dadd_64ns_64ns_64_7_full_dsp_1_U67/Autoencoder_dadd_64ns_64ns_64_7_full_dsp_1_ip_u/inst/i_synth/ADDSUB_OP.ADDSUB/LOGIC_SPEED.OP/ALIGN_BLK/FRAC_ADDSUB/DSP_ADD.FRAC_ADDSUB/i_no_versal_es1_workaround.DSP48E1_ADD.DSP48E1_ADD/i_no_versal_es1_workaround.DSP output design_1_i/Autoencoder_0/inst/grp_sigmoid_fu_1003/dadd_64ns_64ns_64_7_full_dsp_1_U67/Autoencoder_dadd_64ns_64ns_64_7_full_dsp_1_ip_u/inst/i_synth/ADDSUB_OP.ADDSUB/LOGIC_SPEED.OP/ALIGN_BLK/FRAC_ADDSUB/DSP_ADD.FRAC_ADDSUB/i_no_versal_es1_workaround.DSP48E1_ADD.DSP48E1_ADD/i_no_versal_es1_workaround.DSP/P[47:0] is not pipelined (PREG=0). Pipelining the DSP48 output will improve performance and often saves power so it is suggested whenever possible to fully pipeline this function.  If this DSP48 function was inferred, it is suggested to describe an additional register stage after this function.  If the DSP48 was instantiated in the design, it is suggested to set the PREG attribute to 1.
Related violations: <none>

DPOP-1#2 Warning
PREG Output pipelining  
DSP design_1_i/Autoencoder_0/inst/grp_sigmoid_fu_1003/dadd_64ns_64ns_64_7_full_dsp_1_U67/Autoencoder_dadd_64ns_64ns_64_7_full_dsp_1_ip_u/inst/i_synth/ADDSUB_OP.ADDSUB/LOGIC_SPEED.OP/NORM/ROUND/DSP48_E1.DSP48E1_ADD.DSP48E1_ADD/i_no_versal_es1_workaround.DSP output design_1_i/Autoencoder_0/inst/grp_sigmoid_fu_1003/dadd_64ns_64ns_64_7_full_dsp_1_U67/Autoencoder_dadd_64ns_64ns_64_7_full_dsp_1_ip_u/inst/i_synth/ADDSUB_OP.ADDSUB/LOGIC_SPEED.OP/NORM/ROUND/DSP48_E1.DSP48E1_ADD.DSP48E1_ADD/i_no_versal_es1_workaround.DSP/P[47:0] is not pipelined (PREG=0). Pipelining the DSP48 output will improve performance and often saves power so it is suggested whenever possible to fully pipeline this function.  If this DSP48 function was inferred, it is suggested to describe an additional register stage after this function.  If the DSP48 was instantiated in the design, it is suggested to set the PREG attribute to 1.
Related violations: <none>

DPOP-1#3 Warning
PREG Output pipelining  
DSP design_1_i/Autoencoder_0/inst/grp_sigmoid_fu_1003/dexp_64ns_64ns_64_21_full_dsp_1_U69/Autoencoder_dexp_64ns_64ns_64_21_full_dsp_1_ip_u/inst/i_synth/EXP_OP.i_sp_or_dp.OP/g_Fr_other.i_calculate_Fr/dsp_extra_fabric_adder.mult_with_add_low/use_prim.appDSP48[2].bppDSP48[1].use_dsp.use_dsp48e1.iDSP48E1 output design_1_i/Autoencoder_0/inst/grp_sigmoid_fu_1003/dexp_64ns_64ns_64_21_full_dsp_1_U69/Autoencoder_dexp_64ns_64ns_64_21_full_dsp_1_ip_u/inst/i_synth/EXP_OP.i_sp_or_dp.OP/g_Fr_other.i_calculate_Fr/dsp_extra_fabric_adder.mult_with_add_low/use_prim.appDSP48[2].bppDSP48[1].use_dsp.use_dsp48e1.iDSP48E1/P[47:0] is not pipelined (PREG=0). Pipelining the DSP48 output will improve performance and often saves power so it is suggested whenever possible to fully pipeline this function.  If this DSP48 function was inferred, it is suggested to describe an additional register stage after this function.  If the DSP48 was instantiated in the design, it is suggested to set the PREG attribute to 1.
Related violations: <none>

DPOP-1#4 Warning
PREG Output pipelining  
DSP design_1_i/Autoencoder_0/inst/grp_sigmoid_fu_1003/dexp_64ns_64ns_64_21_full_dsp_1_U69/Autoencoder_dexp_64ns_64ns_64_21_full_dsp_1_ip_u/inst/i_synth/EXP_OP.i_sp_or_dp.OP/g_Fr_other.i_calculate_e2zm1/dsp.one.dsp48e1_add/i_no_versal_es1_workaround.DSP output design_1_i/Autoencoder_0/inst/grp_sigmoid_fu_1003/dexp_64ns_64ns_64_21_full_dsp_1_U69/Autoencoder_dexp_64ns_64ns_64_21_full_dsp_1_ip_u/inst/i_synth/EXP_OP.i_sp_or_dp.OP/g_Fr_other.i_calculate_e2zm1/dsp.one.dsp48e1_add/i_no_versal_es1_workaround.DSP/P[47:0] is not pipelined (PREG=0). Pipelining the DSP48 output will improve performance and often saves power so it is suggested whenever possible to fully pipeline this function.  If this DSP48 function was inferred, it is suggested to describe an additional register stage after this function.  If the DSP48 was instantiated in the design, it is suggested to set the PREG attribute to 1.
Related violations: <none>

DPOP-1#5 Warning
PREG Output pipelining  
DSP design_1_i/Autoencoder_0/inst/grp_sigmoid_fu_1003/dexp_64ns_64ns_64_21_full_dsp_1_U69/Autoencoder_dexp_64ns_64ns_64_21_full_dsp_1_ip_u/inst/i_synth/EXP_OP.i_sp_or_dp.OP/i_calculate_Xf/dsp.two.dsp48e1_add_lo/i_no_versal_es1_workaround.DSP output design_1_i/Autoencoder_0/inst/grp_sigmoid_fu_1003/dexp_64ns_64ns_64_21_full_dsp_1_U69/Autoencoder_dexp_64ns_64ns_64_21_full_dsp_1_ip_u/inst/i_synth/EXP_OP.i_sp_or_dp.OP/i_calculate_Xf/dsp.two.dsp48e1_add_lo/i_no_versal_es1_workaround.DSP/CARRYCASCOUT is not pipelined (PREG=0). Pipelining the DSP48 output will improve performance and often saves power so it is suggested whenever possible to fully pipeline this function.  If this DSP48 function was inferred, it is suggested to describe an additional register stage after this function.  If the DSP48 was instantiated in the design, it is suggested to set the PREG attribute to 1.
Related violations: <none>

DPOP-1#6 Warning
PREG Output pipelining  
DSP design_1_i/Autoencoder_0/inst/grp_sigmoid_fu_1003/dexp_64ns_64ns_64_21_full_dsp_1_U69/Autoencoder_dexp_64ns_64ns_64_21_full_dsp_1_ip_u/inst/i_synth/EXP_OP.i_sp_or_dp.OP/i_calculate_Xf/dsp.two.dsp48e1_add_lo/i_no_versal_es1_workaround.DSP output design_1_i/Autoencoder_0/inst/grp_sigmoid_fu_1003/dexp_64ns_64ns_64_21_full_dsp_1_U69/Autoencoder_dexp_64ns_64ns_64_21_full_dsp_1_ip_u/inst/i_synth/EXP_OP.i_sp_or_dp.OP/i_calculate_Xf/dsp.two.dsp48e1_add_lo/i_no_versal_es1_workaround.DSP/P[47:0] is not pipelined (PREG=0). Pipelining the DSP48 output will improve performance and often saves power so it is suggested whenever possible to fully pipeline this function.  If this DSP48 function was inferred, it is suggested to describe an additional register stage after this function.  If the DSP48 was instantiated in the design, it is suggested to set the PREG attribute to 1.
Related violations: <none>

DPOP-1#7 Warning
PREG Output pipelining  
DSP design_1_i/Autoencoder_0/inst/grp_sigmoid_fu_1003/dexp_64ns_64ns_64_21_full_dsp_1_U69/Autoencoder_dexp_64ns_64ns_64_21_full_dsp_1_ip_u/inst/i_synth/EXP_OP.i_sp_or_dp.OP/i_calculate_e2zmzm1/g_dp.i_polyomial/g_struct.multadd_2.madd/dsp_extra_fabric_adder.mult_with_add_low/use_prim.appDSP48[1].bppDSP48[1].use_dsp.use_dsp48e1.iDSP48E1 output design_1_i/Autoencoder_0/inst/grp_sigmoid_fu_1003/dexp_64ns_64ns_64_21_full_dsp_1_U69/Autoencoder_dexp_64ns_64ns_64_21_full_dsp_1_ip_u/inst/i_synth/EXP_OP.i_sp_or_dp.OP/i_calculate_e2zmzm1/g_dp.i_polyomial/g_struct.multadd_2.madd/dsp_extra_fabric_adder.mult_with_add_low/use_prim.appDSP48[1].bppDSP48[1].use_dsp.use_dsp48e1.iDSP48E1/P[47:0] is not pipelined (PREG=0). Pipelining the DSP48 output will improve performance and often saves power so it is suggested whenever possible to fully pipeline this function.  If this DSP48 function was inferred, it is suggested to describe an additional register stage after this function.  If the DSP48 was instantiated in the design, it is suggested to set the PREG attribute to 1.
Related violations: <none>

DPOP-1#8 Warning
PREG Output pipelining  
DSP design_1_i/Autoencoder_0/inst/grp_sigmoid_fu_1003/dexp_64ns_64ns_64_21_full_dsp_1_U69/Autoencoder_dexp_64ns_64ns_64_21_full_dsp_1_ip_u/inst/i_synth/EXP_OP.i_sp_or_dp.OP/i_ccm_ln2/g_tables[0].i_addsub/dsp.two.dsp48e1_add_hi/i_no_versal_es1_workaround.DSP output design_1_i/Autoencoder_0/inst/grp_sigmoid_fu_1003/dexp_64ns_64ns_64_21_full_dsp_1_U69/Autoencoder_dexp_64ns_64ns_64_21_full_dsp_1_ip_u/inst/i_synth/EXP_OP.i_sp_or_dp.OP/i_ccm_ln2/g_tables[0].i_addsub/dsp.two.dsp48e1_add_hi/i_no_versal_es1_workaround.DSP/P[47:0] is not pipelined (PREG=0). Pipelining the DSP48 output will improve performance and often saves power so it is suggested whenever possible to fully pipeline this function.  If this DSP48 function was inferred, it is suggested to describe an additional register stage after this function.  If the DSP48 was instantiated in the design, it is suggested to set the PREG attribute to 1.
Related violations: <none>

DPOP-1#9 Warning
PREG Output pipelining  
DSP design_1_i/Autoencoder_0/inst/grp_sigmoid_fu_1003/dexp_64ns_64ns_64_21_full_dsp_1_U69/Autoencoder_dexp_64ns_64ns_64_21_full_dsp_1_ip_u/inst/i_synth/EXP_OP.i_sp_or_dp.OP/i_ccm_ln2/g_tables[1].i_addsub/dsp.two.dsp48e1_add_lo/i_no_versal_es1_workaround.DSP output design_1_i/Autoencoder_0/inst/grp_sigmoid_fu_1003/dexp_64ns_64ns_64_21_full_dsp_1_U69/Autoencoder_dexp_64ns_64ns_64_21_full_dsp_1_ip_u/inst/i_synth/EXP_OP.i_sp_or_dp.OP/i_ccm_ln2/g_tables[1].i_addsub/dsp.two.dsp48e1_add_lo/i_no_versal_es1_workaround.DSP/CARRYCASCOUT is not pipelined (PREG=0). Pipelining the DSP48 output will improve performance and often saves power so it is suggested whenever possible to fully pipeline this function.  If this DSP48 function was inferred, it is suggested to describe an additional register stage after this function.  If the DSP48 was instantiated in the design, it is suggested to set the PREG attribute to 1.
Related violations: <none>

DPOP-1#10 Warning
PREG Output pipelining  
DSP design_1_i/Autoencoder_0/inst/grp_sigmoid_fu_1003/dexp_64ns_64ns_64_21_full_dsp_1_U69/Autoencoder_dexp_64ns_64ns_64_21_full_dsp_1_ip_u/inst/i_synth/EXP_OP.i_sp_or_dp.OP/i_ccm_ln2/g_tables[1].i_addsub/dsp.two.dsp48e1_add_lo/i_no_versal_es1_workaround.DSP output design_1_i/Autoencoder_0/inst/grp_sigmoid_fu_1003/dexp_64ns_64ns_64_21_full_dsp_1_U69/Autoencoder_dexp_64ns_64ns_64_21_full_dsp_1_ip_u/inst/i_synth/EXP_OP.i_sp_or_dp.OP/i_ccm_ln2/g_tables[1].i_addsub/dsp.two.dsp48e1_add_lo/i_no_versal_es1_workaround.DSP/P[47:0] is not pipelined (PREG=0). Pipelining the DSP48 output will improve performance and often saves power so it is suggested whenever possible to fully pipeline this function.  If this DSP48 function was inferred, it is suggested to describe an additional register stage after this function.  If the DSP48 was instantiated in the design, it is suggested to set the PREG attribute to 1.
Related violations: <none>

DPOP-1#11 Warning
PREG Output pipelining  
DSP design_1_i/Autoencoder_0/inst/grp_sigmoid_fu_1003/dexp_64ns_64ns_64_21_full_dsp_1_U69/Autoencoder_dexp_64ns_64ns_64_21_full_dsp_1_ip_u/inst/i_synth/EXP_OP.i_sp_or_dp.OP/i_ccm_recip_ln2/g_tables[0].i_addsub/dsp.one.dsp48e1_add/i_no_versal_es1_workaround.DSP output design_1_i/Autoencoder_0/inst/grp_sigmoid_fu_1003/dexp_64ns_64ns_64_21_full_dsp_1_U69/Autoencoder_dexp_64ns_64ns_64_21_full_dsp_1_ip_u/inst/i_synth/EXP_OP.i_sp_or_dp.OP/i_ccm_recip_ln2/g_tables[0].i_addsub/dsp.one.dsp48e1_add/i_no_versal_es1_workaround.DSP/P[47:0] is not pipelined (PREG=0). Pipelining the DSP48 output will improve performance and often saves power so it is suggested whenever possible to fully pipeline this function.  If this DSP48 function was inferred, it is suggested to describe an additional register stage after this function.  If the DSP48 was instantiated in the design, it is suggested to set the PREG attribute to 1.
Related violations: <none>

DPOP-1#12 Warning
PREG Output pipelining  
DSP design_1_i/Autoencoder_0/inst/grp_sigmoid_fu_1003/dexp_64ns_64ns_64_21_full_dsp_1_U69/Autoencoder_dexp_64ns_64ns_64_21_full_dsp_1_ip_u/inst/i_synth/EXP_OP.i_sp_or_dp.OP/i_ccm_recip_ln2/g_tables[1].i_addsub/dsp.one.dsp48e1_add/i_no_versal_es1_workaround.DSP output design_1_i/Autoencoder_0/inst/grp_sigmoid_fu_1003/dexp_64ns_64ns_64_21_full_dsp_1_U69/Autoencoder_dexp_64ns_64ns_64_21_full_dsp_1_ip_u/inst/i_synth/EXP_OP.i_sp_or_dp.OP/i_ccm_recip_ln2/g_tables[1].i_addsub/dsp.one.dsp48e1_add/i_no_versal_es1_workaround.DSP/P[47:0] is not pipelined (PREG=0). Pipelining the DSP48 output will improve performance and often saves power so it is suggested whenever possible to fully pipeline this function.  If this DSP48 function was inferred, it is suggested to describe an additional register stage after this function.  If the DSP48 was instantiated in the design, it is suggested to set the PREG attribute to 1.
Related violations: <none>

DPOP-1#13 Warning
PREG Output pipelining  
DSP design_1_i/Autoencoder_0/inst/grp_sigmoid_fu_1003/dexp_64ns_64ns_64_21_full_dsp_1_U69/Autoencoder_dexp_64ns_64ns_64_21_full_dsp_1_ip_u/inst/i_synth/EXP_OP.i_sp_or_dp.OP/i_renorm_and_round/DSP48_E1.DSP48E1_ADD.DSP48E1_ADD/i_no_versal_es1_workaround.DSP output design_1_i/Autoencoder_0/inst/grp_sigmoid_fu_1003/dexp_64ns_64ns_64_21_full_dsp_1_U69/Autoencoder_dexp_64ns_64ns_64_21_full_dsp_1_ip_u/inst/i_synth/EXP_OP.i_sp_or_dp.OP/i_renorm_and_round/DSP48_E1.DSP48E1_ADD.DSP48E1_ADD/i_no_versal_es1_workaround.DSP/P[47:0] is not pipelined (PREG=0). Pipelining the DSP48 output will improve performance and often saves power so it is suggested whenever possible to fully pipeline this function.  If this DSP48 function was inferred, it is suggested to describe an additional register stage after this function.  If the DSP48 was instantiated in the design, it is suggested to set the PREG attribute to 1.
Related violations: <none>

DPOP-1#14 Warning
PREG Output pipelining  
DSP design_1_i/Autoencoder_0/inst/mul_32s_8ns_32_2_1_U144/tmp_product output design_1_i/Autoencoder_0/inst/mul_32s_8ns_32_2_1_U144/tmp_product/P[47:0] is not pipelined (PREG=0). Pipelining the DSP48 output will improve performance and often saves power so it is suggested whenever possible to fully pipeline this function.  If this DSP48 function was inferred, it is suggested to describe an additional register stage after this function.  If the DSP48 was instantiated in the design, it is suggested to set the PREG attribute to 1.
Related violations: <none>

DPOP-1#15 Warning
PREG Output pipelining  
DSP design_1_i/Autoencoder_0/inst/mul_32s_8ns_32_2_1_U146/tmp_product output design_1_i/Autoencoder_0/inst/mul_32s_8ns_32_2_1_U146/tmp_product/P[47:0] is not pipelined (PREG=0). Pipelining the DSP48 output will improve performance and often saves power so it is suggested whenever possible to fully pipeline this function.  If this DSP48 function was inferred, it is suggested to describe an additional register stage after this function.  If the DSP48 was instantiated in the design, it is suggested to set the PREG attribute to 1.
Related violations: <none>

DPOP-2#1 Warning
MREG Output pipelining  
DSP design_1_i/Autoencoder_0/inst/grp_sigmoid_fu_1003/dexp_64ns_64ns_64_21_full_dsp_1_U69/Autoencoder_dexp_64ns_64ns_64_21_full_dsp_1_ip_u/inst/i_synth/EXP_OP.i_sp_or_dp.OP/g_Fr_other.i_calculate_Fr/dsp_extra_fabric_adder.mult_with_add_low/use_prim.appDSP48[0].bppDSP48[2].use_dsp.use_dsp48e1.iDSP48E1 multiplier stage design_1_i/Autoencoder_0/inst/grp_sigmoid_fu_1003/dexp_64ns_64ns_64_21_full_dsp_1_U69/Autoencoder_dexp_64ns_64ns_64_21_full_dsp_1_ip_u/inst/i_synth/EXP_OP.i_sp_or_dp.OP/g_Fr_other.i_calculate_Fr/dsp_extra_fabric_adder.mult_with_add_low/use_prim.appDSP48[0].bppDSP48[2].use_dsp.use_dsp48e1.iDSP48E1/P[47:0] is not pipelined (MREG=0). Pipelining the multiplier function will improve performance and will save significant power so it is suggested whenever possible to fully pipeline this function.  If this multiplier was inferred, it is suggested to describe an additional register stage after this function.  If there is no registered adder/accumulator following the multiply function, two pipeline stages are suggested to allow both the MREG and PREG registers to be used.  If the DSP48 was instantiated in the design, it is suggested to set both the MREG and PREG attributes to 1 when performing multiply functions.
Related violations: <none>

DPOP-2#2 Warning
MREG Output pipelining  
DSP design_1_i/Autoencoder_0/inst/grp_sigmoid_fu_1003/dexp_64ns_64ns_64_21_full_dsp_1_U69/Autoencoder_dexp_64ns_64ns_64_21_full_dsp_1_ip_u/inst/i_synth/EXP_OP.i_sp_or_dp.OP/g_Fr_other.i_calculate_Fr/dsp_extra_fabric_adder.mult_with_add_low/use_prim.appDSP48[2].bppDSP48[1].use_dsp.use_dsp48e1.iDSP48E1 multiplier stage design_1_i/Autoencoder_0/inst/grp_sigmoid_fu_1003/dexp_64ns_64ns_64_21_full_dsp_1_U69/Autoencoder_dexp_64ns_64ns_64_21_full_dsp_1_ip_u/inst/i_synth/EXP_OP.i_sp_or_dp.OP/g_Fr_other.i_calculate_Fr/dsp_extra_fabric_adder.mult_with_add_low/use_prim.appDSP48[2].bppDSP48[1].use_dsp.use_dsp48e1.iDSP48E1/P[47:0] is not pipelined (MREG=0). Pipelining the multiplier function will improve performance and will save significant power so it is suggested whenever possible to fully pipeline this function.  If this multiplier was inferred, it is suggested to describe an additional register stage after this function.  If there is no registered adder/accumulator following the multiply function, two pipeline stages are suggested to allow both the MREG and PREG registers to be used.  If the DSP48 was instantiated in the design, it is suggested to set both the MREG and PREG attributes to 1 when performing multiply functions.
Related violations: <none>

DPOP-2#3 Warning
MREG Output pipelining  
DSP design_1_i/Autoencoder_0/inst/grp_sigmoid_fu_1003/dexp_64ns_64ns_64_21_full_dsp_1_U69/Autoencoder_dexp_64ns_64ns_64_21_full_dsp_1_ip_u/inst/i_synth/EXP_OP.i_sp_or_dp.OP/g_Fr_other.i_calculate_Fr/dsp_extra_fabric_adder.mult_with_add_low/use_prim.appDSP48[2].bppDSP48[2].use_dsp.use_dsp48e1.iDSP48E1 multiplier stage design_1_i/Autoencoder_0/inst/grp_sigmoid_fu_1003/dexp_64ns_64ns_64_21_full_dsp_1_U69/Autoencoder_dexp_64ns_64ns_64_21_full_dsp_1_ip_u/inst/i_synth/EXP_OP.i_sp_or_dp.OP/g_Fr_other.i_calculate_Fr/dsp_extra_fabric_adder.mult_with_add_low/use_prim.appDSP48[2].bppDSP48[2].use_dsp.use_dsp48e1.iDSP48E1/P[47:0] is not pipelined (MREG=0). Pipelining the multiplier function will improve performance and will save significant power so it is suggested whenever possible to fully pipeline this function.  If this multiplier was inferred, it is suggested to describe an additional register stage after this function.  If there is no registered adder/accumulator following the multiply function, two pipeline stages are suggested to allow both the MREG and PREG registers to be used.  If the DSP48 was instantiated in the design, it is suggested to set both the MREG and PREG attributes to 1 when performing multiply functions.
Related violations: <none>

DPOP-2#4 Warning
MREG Output pipelining  
DSP design_1_i/Autoencoder_0/inst/grp_sigmoid_fu_1003/dexp_64ns_64ns_64_21_full_dsp_1_U69/Autoencoder_dexp_64ns_64ns_64_21_full_dsp_1_ip_u/inst/i_synth/EXP_OP.i_sp_or_dp.OP/i_calculate_e2zmzm1/g_dp.i_polyomial/g_struct.multadd_1.madd/dsp_extra_fabric_adder.mult_with_add_low/use_prim.appDSP48[0].bppDSP48[1].use_dsp.use_dsp48e1.iDSP48E1 multiplier stage design_1_i/Autoencoder_0/inst/grp_sigmoid_fu_1003/dexp_64ns_64ns_64_21_full_dsp_1_U69/Autoencoder_dexp_64ns_64ns_64_21_full_dsp_1_ip_u/inst/i_synth/EXP_OP.i_sp_or_dp.OP/i_calculate_e2zmzm1/g_dp.i_polyomial/g_struct.multadd_1.madd/dsp_extra_fabric_adder.mult_with_add_low/use_prim.appDSP48[0].bppDSP48[1].use_dsp.use_dsp48e1.iDSP48E1/P[47:0] is not pipelined (MREG=0). Pipelining the multiplier function will improve performance and will save significant power so it is suggested whenever possible to fully pipeline this function.  If this multiplier was inferred, it is suggested to describe an additional register stage after this function.  If there is no registered adder/accumulator following the multiply function, two pipeline stages are suggested to allow both the MREG and PREG registers to be used.  If the DSP48 was instantiated in the design, it is suggested to set both the MREG and PREG attributes to 1 when performing multiply functions.
Related violations: <none>

DPOP-2#5 Warning
MREG Output pipelining  
DSP design_1_i/Autoencoder_0/inst/grp_sigmoid_fu_1003/dexp_64ns_64ns_64_21_full_dsp_1_U69/Autoencoder_dexp_64ns_64ns_64_21_full_dsp_1_ip_u/inst/i_synth/EXP_OP.i_sp_or_dp.OP/i_calculate_e2zmzm1/g_dp.i_polyomial/g_struct.multadd_2.madd/dsp_extra_fabric_adder.mult_with_add_low/use_prim.appDSP48[1].bppDSP48[0].use_dsp.use_dsp48e1.iDSP48E1 multiplier stage design_1_i/Autoencoder_0/inst/grp_sigmoid_fu_1003/dexp_64ns_64ns_64_21_full_dsp_1_U69/Autoencoder_dexp_64ns_64ns_64_21_full_dsp_1_ip_u/inst/i_synth/EXP_OP.i_sp_or_dp.OP/i_calculate_e2zmzm1/g_dp.i_polyomial/g_struct.multadd_2.madd/dsp_extra_fabric_adder.mult_with_add_low/use_prim.appDSP48[1].bppDSP48[0].use_dsp.use_dsp48e1.iDSP48E1/P[47:0] is not pipelined (MREG=0). Pipelining the multiplier function will improve performance and will save significant power so it is suggested whenever possible to fully pipeline this function.  If this multiplier was inferred, it is suggested to describe an additional register stage after this function.  If there is no registered adder/accumulator following the multiply function, two pipeline stages are suggested to allow both the MREG and PREG registers to be used.  If the DSP48 was instantiated in the design, it is suggested to set both the MREG and PREG attributes to 1 when performing multiply functions.
Related violations: <none>

DPOP-2#6 Warning
MREG Output pipelining  
DSP design_1_i/Autoencoder_0/inst/mul_32s_8ns_32_2_1_U144/dout_reg multiplier stage design_1_i/Autoencoder_0/inst/mul_32s_8ns_32_2_1_U144/dout_reg/P[47:0] is not pipelined (MREG=0). Pipelining the multiplier function will improve performance and will save significant power so it is suggested whenever possible to fully pipeline this function.  If this multiplier was inferred, it is suggested to describe an additional register stage after this function.  If there is no registered adder/accumulator following the multiply function, two pipeline stages are suggested to allow both the MREG and PREG registers to be used.  If the DSP48 was instantiated in the design, it is suggested to set both the MREG and PREG attributes to 1 when performing multiply functions.
Related violations: <none>

DPOP-2#7 Warning
MREG Output pipelining  
DSP design_1_i/Autoencoder_0/inst/mul_32s_8ns_32_2_1_U144/tmp_product multiplier stage design_1_i/Autoencoder_0/inst/mul_32s_8ns_32_2_1_U144/tmp_product/P[47:0] is not pipelined (MREG=0). Pipelining the multiplier function will improve performance and will save significant power so it is suggested whenever possible to fully pipeline this function.  If this multiplier was inferred, it is suggested to describe an additional register stage after this function.  If there is no registered adder/accumulator following the multiply function, two pipeline stages are suggested to allow both the MREG and PREG registers to be used.  If the DSP48 was instantiated in the design, it is suggested to set both the MREG and PREG attributes to 1 when performing multiply functions.
Related violations: <none>

DPOP-2#8 Warning
MREG Output pipelining  
DSP design_1_i/Autoencoder_0/inst/mul_32s_8ns_32_2_1_U146/dout_reg multiplier stage design_1_i/Autoencoder_0/inst/mul_32s_8ns_32_2_1_U146/dout_reg/P[47:0] is not pipelined (MREG=0). Pipelining the multiplier function will improve performance and will save significant power so it is suggested whenever possible to fully pipeline this function.  If this multiplier was inferred, it is suggested to describe an additional register stage after this function.  If there is no registered adder/accumulator following the multiply function, two pipeline stages are suggested to allow both the MREG and PREG registers to be used.  If the DSP48 was instantiated in the design, it is suggested to set both the MREG and PREG attributes to 1 when performing multiply functions.
Related violations: <none>

DPOP-2#9 Warning
MREG Output pipelining  
DSP design_1_i/Autoencoder_0/inst/mul_32s_8ns_32_2_1_U146/tmp_product multiplier stage design_1_i/Autoencoder_0/inst/mul_32s_8ns_32_2_1_U146/tmp_product/P[47:0] is not pipelined (MREG=0). Pipelining the multiplier function will improve performance and will save significant power so it is suggested whenever possible to fully pipeline this function.  If this multiplier was inferred, it is suggested to describe an additional register stage after this function.  If there is no registered adder/accumulator following the multiply function, two pipeline stages are suggested to allow both the MREG and PREG registers to be used.  If the DSP48 was instantiated in the design, it is suggested to set both the MREG and PREG attributes to 1 when performing multiply functions.
Related violations: <none>

DPOP-2#10 Warning
MREG Output pipelining  
DSP design_1_i/Autoencoder_0/inst/mul_ln51_reg_2808_reg multiplier stage design_1_i/Autoencoder_0/inst/mul_ln51_reg_2808_reg/P[47:0] is not pipelined (MREG=0). Pipelining the multiplier function will improve performance and will save significant power so it is suggested whenever possible to fully pipeline this function.  If this multiplier was inferred, it is suggested to describe an additional register stage after this function.  If there is no registered adder/accumulator following the multiply function, two pipeline stages are suggested to allow both the MREG and PREG registers to be used.  If the DSP48 was instantiated in the design, it is suggested to set both the MREG and PREG attributes to 1 when performing multiply functions.
Related violations: <none>

DPOP-2#11 Warning
MREG Output pipelining  
DSP design_1_i/Autoencoder_0/inst/mul_ln67_reg_3259_reg multiplier stage design_1_i/Autoencoder_0/inst/mul_ln67_reg_3259_reg/P[47:0] is not pipelined (MREG=0). Pipelining the multiplier function will improve performance and will save significant power so it is suggested whenever possible to fully pipeline this function.  If this multiplier was inferred, it is suggested to describe an additional register stage after this function.  If there is no registered adder/accumulator following the multiply function, two pipeline stages are suggested to allow both the MREG and PREG registers to be used.  If the DSP48 was instantiated in the design, it is suggested to set both the MREG and PREG attributes to 1 when performing multiply functions.
Related violations: <none>

DPREG-4#1 Warning
DSP48E1_PregDynOpmodeZmuxP:  
The DSP48E1 cell design_1_i/Autoencoder_0/inst/grp_sigmoid_fu_1003/dadd_64ns_64ns_64_7_full_dsp_1_U67/Autoencoder_dadd_64ns_64ns_64_7_full_dsp_1_ip_u/inst/i_synth/ADDSUB_OP.ADDSUB/LOGIC_SPEED.OP/ALIGN_BLK/FRAC_ADDSUB/DSP_ADD.FRAC_ADDSUB/i_no_versal_es1_workaround.DSP48E1_ADD.DSP48E1_ADD/i_no_versal_es1_workaround.DSP with the given dynamic OPMODE[6:0] connections may lead to an unregistered asynchronous feedback path without the PREG attribute enabled. Please refer to the user guide and if one of the internal P feedback opmodes is possible for this design the PREG attribute must be set to 1, currently set to 0
Related violations: <none>

AVAL-4#1 Advisory
enum_USE_DPORT_FALSE_enum_DREG_ADREG_0_connects_CED_CEAD_RSTD_GND  
design_1_i/Autoencoder_0/inst/grp_sigmoid_fu_1003/dadd_64ns_64ns_64_7_full_dsp_1_U67/Autoencoder_dadd_64ns_64ns_64_7_full_dsp_1_ip_u/inst/i_synth/ADDSUB_OP.ADDSUB/LOGIC_SPEED.OP/ALIGN_BLK/FRAC_ADDSUB/DSP_ADD.FRAC_ADDSUB/i_no_versal_es1_workaround.DSP48E1_ADD.DSP48E1_ADD/i_no_versal_es1_workaround.DSP: DSP48E1 is not using the D port (USE_DPORT = FALSE). For improved power characteristics, set DREG and ADREG to '1', tie CED, CEAD, and RSTD to logic '0'.
Related violations: <none>

AVAL-4#2 Advisory
enum_USE_DPORT_FALSE_enum_DREG_ADREG_0_connects_CED_CEAD_RSTD_GND  
design_1_i/Autoencoder_0/inst/grp_sigmoid_fu_1003/dadd_64ns_64ns_64_7_full_dsp_1_U67/Autoencoder_dadd_64ns_64ns_64_7_full_dsp_1_ip_u/inst/i_synth/ADDSUB_OP.ADDSUB/LOGIC_SPEED.OP/ALIGN_BLK/FRAC_ADDSUB/DSP_ADD.FRAC_ADDSUB/i_no_versal_es1_workaround.DSP48E1_GEN.DSP48E1_DEL/i_no_versal_es1_workaround.DSP: DSP48E1 is not using the D port (USE_DPORT = FALSE). For improved power characteristics, set DREG and ADREG to '1', tie CED, CEAD, and RSTD to logic '0'.
Related violations: <none>

AVAL-4#3 Advisory
enum_USE_DPORT_FALSE_enum_DREG_ADREG_0_connects_CED_CEAD_RSTD_GND  
design_1_i/Autoencoder_0/inst/grp_sigmoid_fu_1003/dadd_64ns_64ns_64_7_full_dsp_1_U67/Autoencoder_dadd_64ns_64ns_64_7_full_dsp_1_ip_u/inst/i_synth/ADDSUB_OP.ADDSUB/LOGIC_SPEED.OP/NORM/ROUND/DSP48_E1.DSP48E1_ADD.DSP48E1_ADD/i_no_versal_es1_workaround.DSP: DSP48E1 is not using the D port (USE_DPORT = FALSE). For improved power characteristics, set DREG and ADREG to '1', tie CED, CEAD, and RSTD to logic '0'.
Related violations: <none>

AVAL-4#4 Advisory
enum_USE_DPORT_FALSE_enum_DREG_ADREG_0_connects_CED_CEAD_RSTD_GND  
design_1_i/Autoencoder_0/inst/grp_sigmoid_fu_1003/dexp_64ns_64ns_64_21_full_dsp_1_U69/Autoencoder_dexp_64ns_64ns_64_21_full_dsp_1_ip_u/inst/i_synth/EXP_OP.i_sp_or_dp.OP/g_Fr_other.i_calculate_e2zm1/dsp.one.dsp48e1_add/i_no_versal_es1_workaround.DSP: DSP48E1 is not using the D port (USE_DPORT = FALSE). For improved power characteristics, set DREG and ADREG to '1', tie CED, CEAD, and RSTD to logic '0'.
Related violations: <none>

AVAL-4#5 Advisory
enum_USE_DPORT_FALSE_enum_DREG_ADREG_0_connects_CED_CEAD_RSTD_GND  
design_1_i/Autoencoder_0/inst/grp_sigmoid_fu_1003/dexp_64ns_64ns_64_21_full_dsp_1_U69/Autoencoder_dexp_64ns_64ns_64_21_full_dsp_1_ip_u/inst/i_synth/EXP_OP.i_sp_or_dp.OP/i_calculate_Xf/dsp.two.dsp48e1_add_hi/i_no_versal_es1_workaround.DSP: DSP48E1 is not using the D port (USE_DPORT = FALSE). For improved power characteristics, set DREG and ADREG to '1', tie CED, CEAD, and RSTD to logic '0'.
Related violations: <none>

AVAL-4#6 Advisory
enum_USE_DPORT_FALSE_enum_DREG_ADREG_0_connects_CED_CEAD_RSTD_GND  
design_1_i/Autoencoder_0/inst/grp_sigmoid_fu_1003/dexp_64ns_64ns_64_21_full_dsp_1_U69/Autoencoder_dexp_64ns_64ns_64_21_full_dsp_1_ip_u/inst/i_synth/EXP_OP.i_sp_or_dp.OP/i_calculate_Xf/dsp.two.dsp48e1_add_lo/i_no_versal_es1_workaround.DSP: DSP48E1 is not using the D port (USE_DPORT = FALSE). For improved power characteristics, set DREG and ADREG to '1', tie CED, CEAD, and RSTD to logic '0'.
Related violations: <none>

AVAL-4#7 Advisory
enum_USE_DPORT_FALSE_enum_DREG_ADREG_0_connects_CED_CEAD_RSTD_GND  
design_1_i/Autoencoder_0/inst/grp_sigmoid_fu_1003/dexp_64ns_64ns_64_21_full_dsp_1_U69/Autoencoder_dexp_64ns_64ns_64_21_full_dsp_1_ip_u/inst/i_synth/EXP_OP.i_sp_or_dp.OP/i_ccm_ln2/g_tables[0].i_addsub/dsp.two.dsp48e1_add_hi/i_no_versal_es1_workaround.DSP: DSP48E1 is not using the D port (USE_DPORT = FALSE). For improved power characteristics, set DREG and ADREG to '1', tie CED, CEAD, and RSTD to logic '0'.
Related violations: <none>

AVAL-4#8 Advisory
enum_USE_DPORT_FALSE_enum_DREG_ADREG_0_connects_CED_CEAD_RSTD_GND  
design_1_i/Autoencoder_0/inst/grp_sigmoid_fu_1003/dexp_64ns_64ns_64_21_full_dsp_1_U69/Autoencoder_dexp_64ns_64ns_64_21_full_dsp_1_ip_u/inst/i_synth/EXP_OP.i_sp_or_dp.OP/i_ccm_ln2/g_tables[0].i_addsub/dsp.two.dsp48e1_add_lo/i_no_versal_es1_workaround.DSP: DSP48E1 is not using the D port (USE_DPORT = FALSE). For improved power characteristics, set DREG and ADREG to '1', tie CED, CEAD, and RSTD to logic '0'.
Related violations: <none>

AVAL-4#9 Advisory
enum_USE_DPORT_FALSE_enum_DREG_ADREG_0_connects_CED_CEAD_RSTD_GND  
design_1_i/Autoencoder_0/inst/grp_sigmoid_fu_1003/dexp_64ns_64ns_64_21_full_dsp_1_U69/Autoencoder_dexp_64ns_64ns_64_21_full_dsp_1_ip_u/inst/i_synth/EXP_OP.i_sp_or_dp.OP/i_ccm_ln2/g_tables[1].i_addsub/dsp.two.dsp48e1_add_hi/i_no_versal_es1_workaround.DSP: DSP48E1 is not using the D port (USE_DPORT = FALSE). For improved power characteristics, set DREG and ADREG to '1', tie CED, CEAD, and RSTD to logic '0'.
Related violations: <none>

AVAL-4#10 Advisory
enum_USE_DPORT_FALSE_enum_DREG_ADREG_0_connects_CED_CEAD_RSTD_GND  
design_1_i/Autoencoder_0/inst/grp_sigmoid_fu_1003/dexp_64ns_64ns_64_21_full_dsp_1_U69/Autoencoder_dexp_64ns_64ns_64_21_full_dsp_1_ip_u/inst/i_synth/EXP_OP.i_sp_or_dp.OP/i_ccm_ln2/g_tables[1].i_addsub/dsp.two.dsp48e1_add_lo/i_no_versal_es1_workaround.DSP: DSP48E1 is not using the D port (USE_DPORT = FALSE). For improved power characteristics, set DREG and ADREG to '1', tie CED, CEAD, and RSTD to logic '0'.
Related violations: <none>

AVAL-4#11 Advisory
enum_USE_DPORT_FALSE_enum_DREG_ADREG_0_connects_CED_CEAD_RSTD_GND  
design_1_i/Autoencoder_0/inst/grp_sigmoid_fu_1003/dexp_64ns_64ns_64_21_full_dsp_1_U69/Autoencoder_dexp_64ns_64ns_64_21_full_dsp_1_ip_u/inst/i_synth/EXP_OP.i_sp_or_dp.OP/i_ccm_recip_ln2/g_tables[0].i_addsub/dsp.one.dsp48e1_add/i_no_versal_es1_workaround.DSP: DSP48E1 is not using the D port (USE_DPORT = FALSE). For improved power characteristics, set DREG and ADREG to '1', tie CED, CEAD, and RSTD to logic '0'.
Related violations: <none>

AVAL-4#12 Advisory
enum_USE_DPORT_FALSE_enum_DREG_ADREG_0_connects_CED_CEAD_RSTD_GND  
design_1_i/Autoencoder_0/inst/grp_sigmoid_fu_1003/dexp_64ns_64ns_64_21_full_dsp_1_U69/Autoencoder_dexp_64ns_64ns_64_21_full_dsp_1_ip_u/inst/i_synth/EXP_OP.i_sp_or_dp.OP/i_ccm_recip_ln2/g_tables[1].i_addsub/dsp.one.dsp48e1_add/i_no_versal_es1_workaround.DSP: DSP48E1 is not using the D port (USE_DPORT = FALSE). For improved power characteristics, set DREG and ADREG to '1', tie CED, CEAD, and RSTD to logic '0'.
Related violations: <none>

AVAL-4#13 Advisory
enum_USE_DPORT_FALSE_enum_DREG_ADREG_0_connects_CED_CEAD_RSTD_GND  
design_1_i/Autoencoder_0/inst/grp_sigmoid_fu_1003/dexp_64ns_64ns_64_21_full_dsp_1_U69/Autoencoder_dexp_64ns_64ns_64_21_full_dsp_1_ip_u/inst/i_synth/EXP_OP.i_sp_or_dp.OP/i_ccm_recip_ln2/g_tables[2].i_addsub/dsp.one.dsp48e1_add/i_no_versal_es1_workaround.DSP: DSP48E1 is not using the D port (USE_DPORT = FALSE). For improved power characteristics, set DREG and ADREG to '1', tie CED, CEAD, and RSTD to logic '0'.
Related violations: <none>

AVAL-4#14 Advisory
enum_USE_DPORT_FALSE_enum_DREG_ADREG_0_connects_CED_CEAD_RSTD_GND  
design_1_i/Autoencoder_0/inst/grp_sigmoid_fu_1003/dexp_64ns_64ns_64_21_full_dsp_1_U69/Autoencoder_dexp_64ns_64ns_64_21_full_dsp_1_ip_u/inst/i_synth/EXP_OP.i_sp_or_dp.OP/i_renorm_and_round/DSP48_E1.DSP48E1_ADD.DSP48E1_ADD/i_no_versal_es1_workaround.DSP: DSP48E1 is not using the D port (USE_DPORT = FALSE). For improved power characteristics, set DREG and ADREG to '1', tie CED, CEAD, and RSTD to logic '0'.
Related violations: <none>

AVAL-5#1 Advisory
enum_USE_MULT_NONE_enum_DREG_ADREG_0_connects_CED_CEAD_RSTD_GND  
design_1_i/Autoencoder_0/inst/grp_sigmoid_fu_1003/dadd_64ns_64ns_64_7_full_dsp_1_U67/Autoencoder_dadd_64ns_64ns_64_7_full_dsp_1_ip_u/inst/i_synth/ADDSUB_OP.ADDSUB/LOGIC_SPEED.OP/ALIGN_BLK/FRAC_ADDSUB/DSP_ADD.FRAC_ADDSUB/i_no_versal_es1_workaround.DSP48E1_ADD.DSP48E1_ADD/i_no_versal_es1_workaround.DSP: DSP48E1 is not using the Multiplier (USE_MULT = NONE). For improved power characteristics, set DREG and ADREG to '1', tie CED, CEAD, and RSTD to logic '0'.
Related violations: <none>

AVAL-5#2 Advisory
enum_USE_MULT_NONE_enum_DREG_ADREG_0_connects_CED_CEAD_RSTD_GND  
design_1_i/Autoencoder_0/inst/grp_sigmoid_fu_1003/dadd_64ns_64ns_64_7_full_dsp_1_U67/Autoencoder_dadd_64ns_64ns_64_7_full_dsp_1_ip_u/inst/i_synth/ADDSUB_OP.ADDSUB/LOGIC_SPEED.OP/ALIGN_BLK/FRAC_ADDSUB/DSP_ADD.FRAC_ADDSUB/i_no_versal_es1_workaround.DSP48E1_GEN.DSP48E1_DEL/i_no_versal_es1_workaround.DSP: DSP48E1 is not using the Multiplier (USE_MULT = NONE). For improved power characteristics, set DREG and ADREG to '1', tie CED, CEAD, and RSTD to logic '0'.
Related violations: <none>

AVAL-5#3 Advisory
enum_USE_MULT_NONE_enum_DREG_ADREG_0_connects_CED_CEAD_RSTD_GND  
design_1_i/Autoencoder_0/inst/grp_sigmoid_fu_1003/dadd_64ns_64ns_64_7_full_dsp_1_U67/Autoencoder_dadd_64ns_64ns_64_7_full_dsp_1_ip_u/inst/i_synth/ADDSUB_OP.ADDSUB/LOGIC_SPEED.OP/NORM/ROUND/DSP48_E1.DSP48E1_ADD.DSP48E1_ADD/i_no_versal_es1_workaround.DSP: DSP48E1 is not using the Multiplier (USE_MULT = NONE). For improved power characteristics, set DREG and ADREG to '1', tie CED, CEAD, and RSTD to logic '0'.
Related violations: <none>

AVAL-5#4 Advisory
enum_USE_MULT_NONE_enum_DREG_ADREG_0_connects_CED_CEAD_RSTD_GND  
design_1_i/Autoencoder_0/inst/grp_sigmoid_fu_1003/dexp_64ns_64ns_64_21_full_dsp_1_U69/Autoencoder_dexp_64ns_64ns_64_21_full_dsp_1_ip_u/inst/i_synth/EXP_OP.i_sp_or_dp.OP/g_Fr_other.i_calculate_e2zm1/dsp.one.dsp48e1_add/i_no_versal_es1_workaround.DSP: DSP48E1 is not using the Multiplier (USE_MULT = NONE). For improved power characteristics, set DREG and ADREG to '1', tie CED, CEAD, and RSTD to logic '0'.
Related violations: <none>

AVAL-5#5 Advisory
enum_USE_MULT_NONE_enum_DREG_ADREG_0_connects_CED_CEAD_RSTD_GND  
design_1_i/Autoencoder_0/inst/grp_sigmoid_fu_1003/dexp_64ns_64ns_64_21_full_dsp_1_U69/Autoencoder_dexp_64ns_64ns_64_21_full_dsp_1_ip_u/inst/i_synth/EXP_OP.i_sp_or_dp.OP/i_calculate_Xf/dsp.two.dsp48e1_add_hi/i_no_versal_es1_workaround.DSP: DSP48E1 is not using the Multiplier (USE_MULT = NONE). For improved power characteristics, set DREG and ADREG to '1', tie CED, CEAD, and RSTD to logic '0'.
Related violations: <none>

AVAL-5#6 Advisory
enum_USE_MULT_NONE_enum_DREG_ADREG_0_connects_CED_CEAD_RSTD_GND  
design_1_i/Autoencoder_0/inst/grp_sigmoid_fu_1003/dexp_64ns_64ns_64_21_full_dsp_1_U69/Autoencoder_dexp_64ns_64ns_64_21_full_dsp_1_ip_u/inst/i_synth/EXP_OP.i_sp_or_dp.OP/i_calculate_Xf/dsp.two.dsp48e1_add_lo/i_no_versal_es1_workaround.DSP: DSP48E1 is not using the Multiplier (USE_MULT = NONE). For improved power characteristics, set DREG and ADREG to '1', tie CED, CEAD, and RSTD to logic '0'.
Related violations: <none>

AVAL-5#7 Advisory
enum_USE_MULT_NONE_enum_DREG_ADREG_0_connects_CED_CEAD_RSTD_GND  
design_1_i/Autoencoder_0/inst/grp_sigmoid_fu_1003/dexp_64ns_64ns_64_21_full_dsp_1_U69/Autoencoder_dexp_64ns_64ns_64_21_full_dsp_1_ip_u/inst/i_synth/EXP_OP.i_sp_or_dp.OP/i_ccm_ln2/g_tables[0].i_addsub/dsp.two.dsp48e1_add_hi/i_no_versal_es1_workaround.DSP: DSP48E1 is not using the Multiplier (USE_MULT = NONE). For improved power characteristics, set DREG and ADREG to '1', tie CED, CEAD, and RSTD to logic '0'.
Related violations: <none>

AVAL-5#8 Advisory
enum_USE_MULT_NONE_enum_DREG_ADREG_0_connects_CED_CEAD_RSTD_GND  
design_1_i/Autoencoder_0/inst/grp_sigmoid_fu_1003/dexp_64ns_64ns_64_21_full_dsp_1_U69/Autoencoder_dexp_64ns_64ns_64_21_full_dsp_1_ip_u/inst/i_synth/EXP_OP.i_sp_or_dp.OP/i_ccm_ln2/g_tables[0].i_addsub/dsp.two.dsp48e1_add_lo/i_no_versal_es1_workaround.DSP: DSP48E1 is not using the Multiplier (USE_MULT = NONE). For improved power characteristics, set DREG and ADREG to '1', tie CED, CEAD, and RSTD to logic '0'.
Related violations: <none>

AVAL-5#9 Advisory
enum_USE_MULT_NONE_enum_DREG_ADREG_0_connects_CED_CEAD_RSTD_GND  
design_1_i/Autoencoder_0/inst/grp_sigmoid_fu_1003/dexp_64ns_64ns_64_21_full_dsp_1_U69/Autoencoder_dexp_64ns_64ns_64_21_full_dsp_1_ip_u/inst/i_synth/EXP_OP.i_sp_or_dp.OP/i_ccm_ln2/g_tables[1].i_addsub/dsp.two.dsp48e1_add_hi/i_no_versal_es1_workaround.DSP: DSP48E1 is not using the Multiplier (USE_MULT = NONE). For improved power characteristics, set DREG and ADREG to '1', tie CED, CEAD, and RSTD to logic '0'.
Related violations: <none>

AVAL-5#10 Advisory
enum_USE_MULT_NONE_enum_DREG_ADREG_0_connects_CED_CEAD_RSTD_GND  
design_1_i/Autoencoder_0/inst/grp_sigmoid_fu_1003/dexp_64ns_64ns_64_21_full_dsp_1_U69/Autoencoder_dexp_64ns_64ns_64_21_full_dsp_1_ip_u/inst/i_synth/EXP_OP.i_sp_or_dp.OP/i_ccm_ln2/g_tables[1].i_addsub/dsp.two.dsp48e1_add_lo/i_no_versal_es1_workaround.DSP: DSP48E1 is not using the Multiplier (USE_MULT = NONE). For improved power characteristics, set DREG and ADREG to '1', tie CED, CEAD, and RSTD to logic '0'.
Related violations: <none>

AVAL-5#11 Advisory
enum_USE_MULT_NONE_enum_DREG_ADREG_0_connects_CED_CEAD_RSTD_GND  
design_1_i/Autoencoder_0/inst/grp_sigmoid_fu_1003/dexp_64ns_64ns_64_21_full_dsp_1_U69/Autoencoder_dexp_64ns_64ns_64_21_full_dsp_1_ip_u/inst/i_synth/EXP_OP.i_sp_or_dp.OP/i_ccm_recip_ln2/g_tables[0].i_addsub/dsp.one.dsp48e1_add/i_no_versal_es1_workaround.DSP: DSP48E1 is not using the Multiplier (USE_MULT = NONE). For improved power characteristics, set DREG and ADREG to '1', tie CED, CEAD, and RSTD to logic '0'.
Related violations: <none>

AVAL-5#12 Advisory
enum_USE_MULT_NONE_enum_DREG_ADREG_0_connects_CED_CEAD_RSTD_GND  
design_1_i/Autoencoder_0/inst/grp_sigmoid_fu_1003/dexp_64ns_64ns_64_21_full_dsp_1_U69/Autoencoder_dexp_64ns_64ns_64_21_full_dsp_1_ip_u/inst/i_synth/EXP_OP.i_sp_or_dp.OP/i_ccm_recip_ln2/g_tables[1].i_addsub/dsp.one.dsp48e1_add/i_no_versal_es1_workaround.DSP: DSP48E1 is not using the Multiplier (USE_MULT = NONE). For improved power characteristics, set DREG and ADREG to '1', tie CED, CEAD, and RSTD to logic '0'.
Related violations: <none>

AVAL-5#13 Advisory
enum_USE_MULT_NONE_enum_DREG_ADREG_0_connects_CED_CEAD_RSTD_GND  
design_1_i/Autoencoder_0/inst/grp_sigmoid_fu_1003/dexp_64ns_64ns_64_21_full_dsp_1_U69/Autoencoder_dexp_64ns_64ns_64_21_full_dsp_1_ip_u/inst/i_synth/EXP_OP.i_sp_or_dp.OP/i_ccm_recip_ln2/g_tables[2].i_addsub/dsp.one.dsp48e1_add/i_no_versal_es1_workaround.DSP: DSP48E1 is not using the Multiplier (USE_MULT = NONE). For improved power characteristics, set DREG and ADREG to '1', tie CED, CEAD, and RSTD to logic '0'.
Related violations: <none>

AVAL-5#14 Advisory
enum_USE_MULT_NONE_enum_DREG_ADREG_0_connects_CED_CEAD_RSTD_GND  
design_1_i/Autoencoder_0/inst/grp_sigmoid_fu_1003/dexp_64ns_64ns_64_21_full_dsp_1_U69/Autoencoder_dexp_64ns_64ns_64_21_full_dsp_1_ip_u/inst/i_synth/EXP_OP.i_sp_or_dp.OP/i_renorm_and_round/DSP48_E1.DSP48E1_ADD.DSP48E1_ADD/i_no_versal_es1_workaround.DSP: DSP48E1 is not using the Multiplier (USE_MULT = NONE). For improved power characteristics, set DREG and ADREG to '1', tie CED, CEAD, and RSTD to logic '0'.
Related violations: <none>


